<?xml version="1.0" encoding="UTF-8"?>
<testng-results ignored="0" total="1" passed="1" failed="0" skipped="0">
  <reporter-output>
  </reporter-output>
  <suite started-at="2023-05-11T17:21:08 IST" name="Default suite" finished-at="2023-05-11T17:21:30 IST" duration-ms="21846">
    <groups>
    </groups>
    <test started-at="2023-05-11T17:21:08 IST" name="Default test" finished-at="2023-05-11T17:21:30 IST" duration-ms="21846">
      <class name="com.inetBanking.testCases.TC_LoginTest_001">
        <test-method is-config="true" signature="setup()[pri:0, instance:com.inetBanking.testCases.TC_LoginTest_001@1af2d44a]" started-at="2023-05-11T17:21:08 IST" name="setup" finished-at="2023-05-11T17:21:13 IST" duration-ms="5127" status="PASS">
          <reporter-output>
          </reporter-output>
        </test-method> <!-- setup -->
        <test-method signature="logintest()[pri:0, instance:com.inetBanking.testCases.TC_LoginTest_001@1af2d44a]" started-at="2023-05-11T17:21:13 IST" name="logintest" finished-at="2023-05-11T17:21:30 IST" duration-ms="16418" status="PASS">
          <reporter-output>
          </reporter-output>
        </test-method> <!-- logintest -->
        <test-method is-config="true" signature="tearDown()[pri:0, instance:com.inetBanking.testCases.TC_LoginTest_001@1af2d44a]" started-at="2023-05-11T17:21:30 IST" name="tearDown" finished-at="2023-05-11T17:21:30 IST" duration-ms="244" status="PASS">
          <reporter-output>
          </reporter-output>
        </test-method> <!-- tearDown -->
      </class> <!-- com.inetBanking.testCases.TC_LoginTest_001 -->
    </test> <!-- Default test -->
  </suite> <!-- Default suite -->
</testng-results>
